-------------------------------------------------------------------------------
Test set: com.email.EmailServiceApplicationTests
-------------------------------------------------------------------------------
Tests run: 1, Failures: 0, Errors: 1, Skipped: 0, Time elapsed: 0.309 s <<< FAILURE! - in com.email.EmailServiceApplicationTests
com.email.EmailServiceApplicationTests  Time elapsed: 0.308 s  <<< ERROR!
java.lang.IllegalArgumentException: Unresolvable class definition for class [com.email.EmailServiceApplication]
Caused by: java.lang.UnsupportedClassVersionError: com/email/EmailServiceApplication has been compiled by a more recent version of the Java Runtime (class file version 58.0), this version of the Java Runtime only recognizes class file versions up to 55.0

